evaluating derivation 'git+file:///data/data/com.termux.nix/files/home/pick-up-nix2/source/github/meta-introspector/streamofrandom/2025?dir=10/10/nix2/examples#packages.aarch64-linux.default'...
warning: Git tree '/data/data/com.termux.nix/files/home/pick-up-nix2/source/github/meta-introspector/streamofrandom/2025' is dirty
acquiring write lock on '/nix/var/nix/temproots/21951'
locking path '/nix/store/v1qziiri40zz3s9k85fbnqzwwh2lq0y8-source'
lock acquired on '/nix/store/v1qziiri40zz3s9k85fbnqzwwh2lq0y8-source.lock'
lock released on '/nix/store/v1qziiri40zz3s9k85fbnqzwwh2lq0y8-source.lock'
got tree '/nix/store/v1qziiri40zz3s9k85fbnqzwwh2lq0y8-source' from 'git+file:///data/data/com.termux.nix/files/home/pick-up-nix2/source/github/meta-introspector/streamofrandom/2025?dir=10/10/nix2/examples'
checking access to '/nix/store/v1qziiri40zz3s9k85fbnqzwwh2lq0y8-source/10/10/nix2/examples/flake.nix'
evaluating file '/nix/store/v1qziiri40zz3s9k85fbnqzwwh2lq0y8-source/10/10/nix2/examples/flake.nix'
old lock file: {
  "nodes": {
    "root": {}
  },
  "root": "root",
  "version": 7
}
computing lock file node ''
computing input 'nar-flake'
creating new input 'nar-flake'
using cache entry '{"name":"source","type":"file","url":"https://api.github.com/repos/meta-introspector/time-2025/commits/feature/git-nix-file-list"}' -> '{"etag":"W/\"fee07ebd80eda6bd05182345f1d1c95d74025196f19d47b9e7547f06fd8e8613\"","url":"https://api.github.com/repos/meta-introspector/time-2025/commits/feature/git-nix-file-list"}', '/nix/store/cik8kygh7wlbclv9x9krv8105vdr67jy-source'
HEAD revision for 'https://api.github.com/repos/meta-introspector/time-2025/commits/feature/git-nix-file-list' is d670d37ce328808bfc0a8e8c6c7d49a61c11d843
using cache entry '{"rev":"d670d37ce328808bfc0a8e8c6c7d49a61c11d843","type":"git-tarball"}' -> '{"lastModified":1760126801,"rev":"d670d37ce328808bfc0a8e8c6c7d49a61c11d843"}', '/nix/store/93a7ikyb208nh3p1kwqvn1hj2w11ikb6-source'
got tree '/nix/store/93a7ikyb208nh3p1kwqvn1hj2w11ikb6-source' from 'github:meta-introspector/time-2025/d670d37ce328808bfc0a8e8c6c7d49a61c11d843?dir=10/10/lib/nar'
checking access to '/nix/store/93a7ikyb208nh3p1kwqvn1hj2w11ikb6-source/10/10/lib/nar/flake.nix'
evaluating file '/nix/store/93a7ikyb208nh3p1kwqvn1hj2w11ikb6-source/10/10/lib/nar/flake.nix'
computing lock file node 'nar-flake'
computing input 'nar-flake/get-nix-file-list-input'
creating new input 'nar-flake/get-nix-file-list-input'
using cache entry '{"name":"source","type":"file","url":"https://api.github.com/repos/meta-introspector/time-2025/commits/feature/lattice-30030-homedir"}' -> '{"etag":"W/\"fee07ebd80eda6bd05182345f1d1c95d74025196f19d47b9e7547f06fd8e8613\"","url":"https://api.github.com/repos/meta-introspector/time-2025/commits/feature/lattice-30030-homedir"}', '/nix/store/cik8kygh7wlbclv9x9krv8105vdr67jy-source'
HEAD revision for 'https://api.github.com/repos/meta-introspector/time-2025/commits/feature/lattice-30030-homedir' is d670d37ce328808bfc0a8e8c6c7d49a61c11d843
using cache entry '{"rev":"d670d37ce328808bfc0a8e8c6c7d49a61c11d843","type":"git-tarball"}' -> '{"lastModified":1760126801,"rev":"d670d37ce328808bfc0a8e8c6c7d49a61c11d843"}', '/nix/store/93a7ikyb208nh3p1kwqvn1hj2w11ikb6-source'
got tree '/nix/store/93a7ikyb208nh3p1kwqvn1hj2w11ikb6-source' from 'github:meta-introspector/time-2025/d670d37ce328808bfc0a8e8c6c7d49a61c11d843?dir=10/10/nix2/get-nix-file-list.nix'
error:
       … while updating the lock file of flake 'git+file:///data/data/com.termux.nix/files/home/pick-up-nix2/source/github/meta-introspector/streamofrandom/2025?dir=10/10/nix2/examples'

       … while updating the flake input 'nar-flake'

       … while updating the flake input 'nar-flake/get-nix-file-list-input'

       error: getting status of '/nix/store/93a7ikyb208nh3p1kwqvn1hj2w11ikb6-source/10/10/nix2/get-nix-file-list.nix/flake.nix': Not a directory
